/home/kubu/ROS2/pub_far_cel_ws/install/fahrenheit/lib/python3.10/site-packages/fahrenheit/pub_temp_celsius.py
/home/kubu/ROS2/pub_far_cel_ws/install/fahrenheit/lib/python3.10/site-packages/fahrenheit/__init__.py
/home/kubu/ROS2/pub_far_cel_ws/install/fahrenheit/lib/python3.10/site-packages/fahrenheit/sus_pub_temp_fahrenheit.py
/home/kubu/ROS2/pub_far_cel_ws/install/fahrenheit/lib/python3.10/site-packages/fahrenheit/sus_nuevo.py
/home/kubu/ROS2/pub_far_cel_ws/install/fahrenheit/lib/python3.10/site-packages/fahrenheit/__pycache__/pub_temp_celsius.cpython-310.pyc
/home/kubu/ROS2/pub_far_cel_ws/install/fahrenheit/lib/python3.10/site-packages/fahrenheit/__pycache__/__init__.cpython-310.pyc
/home/kubu/ROS2/pub_far_cel_ws/install/fahrenheit/lib/python3.10/site-packages/fahrenheit/__pycache__/sus_pub_temp_fahrenheit.cpython-310.pyc
/home/kubu/ROS2/pub_far_cel_ws/install/fahrenheit/lib/python3.10/site-packages/fahrenheit/__pycache__/sus_nuevo.cpython-310.pyc
/home/kubu/ROS2/pub_far_cel_ws/install/fahrenheit/share/ament_index/resource_index/packages/fahrenheit
/home/kubu/ROS2/pub_far_cel_ws/install/fahrenheit/share/fahrenheit/package.xml
/home/kubu/ROS2/pub_far_cel_ws/install/fahrenheit/lib/python3.10/site-packages/fahrenheit-0.0.0-py3.10.egg-info/entry_points.txt
/home/kubu/ROS2/pub_far_cel_ws/install/fahrenheit/lib/python3.10/site-packages/fahrenheit-0.0.0-py3.10.egg-info/SOURCES.txt
/home/kubu/ROS2/pub_far_cel_ws/install/fahrenheit/lib/python3.10/site-packages/fahrenheit-0.0.0-py3.10.egg-info/dependency_links.txt
/home/kubu/ROS2/pub_far_cel_ws/install/fahrenheit/lib/python3.10/site-packages/fahrenheit-0.0.0-py3.10.egg-info/requires.txt
/home/kubu/ROS2/pub_far_cel_ws/install/fahrenheit/lib/python3.10/site-packages/fahrenheit-0.0.0-py3.10.egg-info/zip-safe
/home/kubu/ROS2/pub_far_cel_ws/install/fahrenheit/lib/python3.10/site-packages/fahrenheit-0.0.0-py3.10.egg-info/PKG-INFO
/home/kubu/ROS2/pub_far_cel_ws/install/fahrenheit/lib/python3.10/site-packages/fahrenheit-0.0.0-py3.10.egg-info/top_level.txt
/home/kubu/ROS2/pub_far_cel_ws/install/fahrenheit/lib/fahrenheit/listener2
/home/kubu/ROS2/pub_far_cel_ws/install/fahrenheit/lib/fahrenheit/listener3
/home/kubu/ROS2/pub_far_cel_ws/install/fahrenheit/lib/fahrenheit/talker2
/home/kubu/ROS2/pub_far_cel_ws/install/fahrenheit/lib/fahrenheit/talker3
